E, [2017-10-31T10:26:26.243652 #57436] ERROR -- Kitchen: ------Exception-------
E, [2017-10-31T10:26:26.243824 #57436] ERROR -- Kitchen: Class: Kitchen::UserError
E, [2017-10-31T10:26:26.243881 #57436] ERROR -- Kitchen: Message: Kitchen YAML file /Users/niels/udemy-chef/cookbooks/.kitchen.yml does not exist.
E, [2017-10-31T10:26:26.243909 #57436] ERROR -- Kitchen: ----------------------
E, [2017-10-31T10:26:26.243932 #57436] ERROR -- Kitchen: ------Backtrace-------
E, [2017-10-31T10:26:26.243953 #57436] ERROR -- Kitchen: /opt/chefdk/embedded/lib/ruby/gems/2.1.0/gems/test-kitchen-1.11.1/lib/kitchen/loader/yaml.rb:74:in `read'
E, [2017-10-31T10:26:26.243975 #57436] ERROR -- Kitchen: /opt/chefdk/embedded/lib/ruby/gems/2.1.0/gems/test-kitchen-1.11.1/lib/kitchen/config.rb:154:in `data'
E, [2017-10-31T10:26:26.243997 #57436] ERROR -- Kitchen: /opt/chefdk/embedded/lib/ruby/gems/2.1.0/gems/test-kitchen-1.11.1/lib/kitchen/config.rb:133:in `suites'
E, [2017-10-31T10:26:26.244018 #57436] ERROR -- Kitchen: /opt/chefdk/embedded/lib/ruby/gems/2.1.0/gems/test-kitchen-1.11.1/lib/kitchen/config.rb:184:in `filter_instances'
E, [2017-10-31T10:26:26.244040 #57436] ERROR -- Kitchen: /opt/chefdk/embedded/lib/ruby/gems/2.1.0/gems/test-kitchen-1.11.1/lib/kitchen/config.rb:143:in `build_instances'
E, [2017-10-31T10:26:26.244061 #57436] ERROR -- Kitchen: /opt/chefdk/embedded/lib/ruby/gems/2.1.0/gems/test-kitchen-1.11.1/lib/kitchen/config.rb:119:in `instances'
E, [2017-10-31T10:26:26.244082 #57436] ERROR -- Kitchen: /opt/chefdk/embedded/lib/ruby/gems/2.1.0/gems/test-kitchen-1.11.1/lib/kitchen/command.rb:115:in `filtered_instances'
E, [2017-10-31T10:26:26.244136 #57436] ERROR -- Kitchen: /opt/chefdk/embedded/lib/ruby/gems/2.1.0/gems/test-kitchen-1.11.1/lib/kitchen/command.rb:145:in `parse_subcommand'
E, [2017-10-31T10:26:26.244158 #57436] ERROR -- Kitchen: /opt/chefdk/embedded/lib/ruby/gems/2.1.0/gems/test-kitchen-1.11.1/lib/kitchen/command/list.rb:32:in `call'
E, [2017-10-31T10:26:26.244207 #57436] ERROR -- Kitchen: /opt/chefdk/embedded/lib/ruby/gems/2.1.0/gems/test-kitchen-1.11.1/lib/kitchen/cli.rb:56:in `perform'
E, [2017-10-31T10:26:26.244225 #57436] ERROR -- Kitchen: /opt/chefdk/embedded/lib/ruby/gems/2.1.0/gems/test-kitchen-1.11.1/lib/kitchen/cli.rb:120:in `list'
E, [2017-10-31T10:26:26.244243 #57436] ERROR -- Kitchen: /opt/chefdk/embedded/lib/ruby/gems/2.1.0/gems/thor-0.19.1/lib/thor/command.rb:27:in `run'
E, [2017-10-31T10:26:26.244261 #57436] ERROR -- Kitchen: /opt/chefdk/embedded/lib/ruby/gems/2.1.0/gems/thor-0.19.1/lib/thor/invocation.rb:126:in `invoke_command'
E, [2017-10-31T10:26:26.244279 #57436] ERROR -- Kitchen: /opt/chefdk/embedded/lib/ruby/gems/2.1.0/gems/test-kitchen-1.11.1/lib/kitchen/cli.rb:326:in `invoke_task'
E, [2017-10-31T10:26:26.244297 #57436] ERROR -- Kitchen: /opt/chefdk/embedded/lib/ruby/gems/2.1.0/gems/thor-0.19.1/lib/thor.rb:359:in `dispatch'
E, [2017-10-31T10:26:26.244314 #57436] ERROR -- Kitchen: /opt/chefdk/embedded/lib/ruby/gems/2.1.0/gems/thor-0.19.1/lib/thor/base.rb:440:in `start'
E, [2017-10-31T10:26:26.244332 #57436] ERROR -- Kitchen: /opt/chefdk/embedded/lib/ruby/gems/2.1.0/gems/test-kitchen-1.11.1/bin/kitchen:13:in `block in <top (required)>'
E, [2017-10-31T10:26:26.244350 #57436] ERROR -- Kitchen: /opt/chefdk/embedded/lib/ruby/gems/2.1.0/gems/test-kitchen-1.11.1/lib/kitchen/errors.rb:174:in `with_friendly_errors'
E, [2017-10-31T10:26:26.244367 #57436] ERROR -- Kitchen: /opt/chefdk/embedded/lib/ruby/gems/2.1.0/gems/test-kitchen-1.11.1/bin/kitchen:13:in `<top (required)>'
E, [2017-10-31T10:26:26.244385 #57436] ERROR -- Kitchen: /opt/chefdk/bin/kitchen:18:in `load'
E, [2017-10-31T10:26:26.244402 #57436] ERROR -- Kitchen: /opt/chefdk/bin/kitchen:18:in `<main>'
E, [2017-10-31T10:26:26.244419 #57436] ERROR -- Kitchen: ----End Backtrace-----
